0 info it worked if it ends with ok
1 verbose cli [ '/usr/local/bin/node',
1 verbose cli   '/usr/local/bin/npm',
1 verbose cli   'run-script',
1 verbose cli   'watch' ]
2 info using npm@3.9.5
3 info using node@v6.2.2
4 verbose run-script [ 'prewatch', 'watch', 'postwatch' ]
5 info lifecycle house@1.0.0~prewatch: house@1.0.0
6 silly lifecycle house@1.0.0~prewatch: no script for prewatch, continuing
7 info lifecycle house@1.0.0~watch: house@1.0.0
8 verbose lifecycle house@1.0.0~watch: unsafe-perm in lifecycle true
9 verbose lifecycle house@1.0.0~watch: PATH: /usr/local/lib/node_modules/npm/bin/node-gyp-bin:/home/bln/文档/houseSystem/node_modules/.bin:/usr/local/bin:/usr/local/sbin:/usr/local/bin:/usr/sbin:/usr/bin:/sbin:/bin:/usr/games:/usr/local/games
10 verbose lifecycle house@1.0.0~watch: CWD: /home/bln/文档/houseSystem
11 silly lifecycle house@1.0.0~watch: Args: [ '-c', 'webpack-dev-server --content-base public/ ' ]
12 silly lifecycle house@1.0.0~watch: Returned: code: 1  signal: null
13 info lifecycle house@1.0.0~watch: Failed to exec watch script
14 verbose stack Error: house@1.0.0 watch: `webpack-dev-server --content-base public/ `
14 verbose stack Exit status 1
14 verbose stack     at EventEmitter.<anonymous> (/usr/local/lib/node_modules/npm/lib/utils/lifecycle.js:245:16)
14 verbose stack     at emitTwo (events.js:106:13)
14 verbose stack     at EventEmitter.emit (events.js:191:7)
14 verbose stack     at ChildProcess.<anonymous> (/usr/local/lib/node_modules/npm/lib/utils/spawn.js:24:14)
14 verbose stack     at emitTwo (events.js:106:13)
14 verbose stack     at ChildProcess.emit (events.js:191:7)
14 verbose stack     at maybeClose (internal/child_process.js:852:16)
14 verbose stack     at Process.ChildProcess._handle.onexit (internal/child_process.js:215:5)
15 verbose pkgid house@1.0.0
16 verbose cwd /home/bln/文档/houseSystem
17 error Linux 3.13.0-32-generic
18 error argv "/usr/local/bin/node" "/usr/local/bin/npm" "run-script" "watch"
19 error node v6.2.2
20 error npm  v3.9.5
21 error code ELIFECYCLE
22 error house@1.0.0 watch: `webpack-dev-server --content-base public/ `
22 error Exit status 1
23 error Failed at the house@1.0.0 watch script 'webpack-dev-server --content-base public/ '.
23 error Make sure you have the latest version of node.js and npm installed.
23 error If you do, this is most likely a problem with the house package,
23 error not with npm itself.
23 error Tell the author that this fails on your system:
23 error     webpack-dev-server --content-base public/
23 error You can get information on how to open an issue for this project with:
23 error     npm bugs house
23 error Or if that isn't available, you can get their info via:
23 error     npm owner ls house
23 error There is likely additional logging output above.
24 verbose exit [ 1, true ]
